computeVectorTable...completed
computeMtpCisPairs...completed: 2903 MTPs found

removeTranslationallyEquivalentMtps
...DONE: 1150 translationally distinct MTPs
Finding best TEC

Best TEC: (2.29,1.00) T(P(p(1441,71),p(1681,69),p(1921,67),p(2401,71)),V(v(0,0),v(21600,2),v(24240,2),v(26160,2)))
computeVectorTable...completed
computeMtpCisPairs...completed: 2560 MTPs found

removeTranslationallyEquivalentMtps
...DONE: 859 translationally distinct MTPs
Finding best TEC

Best TEC: (2.00,0.75) T(P(p(3601,73),p(4561,76),p(5281,76)),V(v(0,0),v(4080,-7),v(6240,0),v(8640,5)))
computeVectorTable...completed
computeMtpCisPairs...completed: 2258 MTPs found

removeTranslationallyEquivalentMtps
...DONE: 656 translationally distinct MTPs
Finding best TEC

Best TEC: (2.00,0.38) T(P(p(3361,71),p(5521,73),p(10081,71)),V(v(0,0),v(7920,3),v(11040,3),v(12000,3)))
computeVectorTable...completed
computeMtpCisPairs...completed: 1985 MTPs found

removeTranslationallyEquivalentMtps
...DONE: 450 translationally distinct MTPs
Finding best TEC

Best TEC: (1.80,0.60) T(P(p(1,66),p(481,69),p(3841,69)),V(v(0,0),v(24960,5),v(29040,7)))
computeVectorTable...completed
computeMtpCisPairs...completed: 1663 MTPs found

removeTranslationallyEquivalentMtps
...DONE: 315 translationally distinct MTPs
Finding best TEC

Best TEC: (1.80,0.33) T(P(p(2881,74),p(6241,71),p(6721,67)),V(v(0,0),v(24000,0),v(25440,-5)))
computeVectorTable...completed
computeMtpCisPairs...completed: 1340 MTPs found

removeTranslationallyEquivalentMtps
...DONE: 231 translationally distinct MTPs
Finding best TEC

Best TEC: (1.67,1.00) T(P(p(241,67),p(7201,67)),V(v(0,0),v(2400,6),v(4800,11),v(8880,6),v(14640,6)))
computeVectorTable...completed
computeMtpCisPairs...completed: 996 MTPs found

removeTranslationallyEquivalentMtps
...DONE: 136 translationally distinct MTPs
Finding best TEC

Best TEC: (1.60,0.67) T(P(p(8881,76),p(17761,78)),V(v(0,0),v(1440,-9),v(7440,-2),v(12720,-9)))
computeVectorTable...completed
computeMtpCisPairs...completed: 748 MTPs found

removeTranslationallyEquivalentMtps
...DONE: 62 translationally distinct MTPs
Finding best TEC

Best TEC: (1.50,1.00) T(P(p(17041,79),p(17281,79)),V(v(0,0),v(2640,-10),v(14160,-15)))
computeVectorTable...completed
computeMtpCisPairs...completed: 568 MTPs found

removeTranslationallyEquivalentMtps
...DONE: 28 translationally distinct MTPs
Finding best TEC

Best TEC: (1.33,1.00) T(P(p(18721,71),p(18961,73)),V(v(0,0),v(5760,0)))
computeVectorTable...completed
computeMtpCisPairs...completed: 452 MTPs found

removeTranslationallyEquivalentMtps
...DONE: 14 translationally distinct MTPs
Finding best TEC

Best TEC: (1.33,1.00) T(P(p(4801,81),p(12841,81)),V(v(0,0),v(7320,-5)))
computeVectorTable...completed
computeMtpCisPairs...completed: 344 MTPs found

removeTranslationallyEquivalentMtps
...DONE: 8 translationally distinct MTPs
Finding best TEC

Best TEC: (1.33,0.67) T(P(p(6481,69),p(8161,66)),V(v(0,0),v(6000,10)))
computeVectorTable...completed
computeMtpCisPairs...completed: 253 MTPs found

removeTranslationallyEquivalentMtps
...DONE: 1 translationally distinct MTPs
Finding best TEC

Best TEC: (1.00,0.20) T(P(p(721,76),p(731,83),p(741,81),p(751,83),p(961,71),p(3121,69),p(4321,74),p(5761,74),p(6001,73),p(10561,69),p(11041,76),p(12961,83),p(16801,78),p(18241,73),p(20641,69),p(22561,74),p(23761,74),p(26401,67),p(29281,74),p(29761,73),p(30961,66),p(31921,62),p(32641,69)),V(v(0,0)))
