computeVectorTable...completed
computeMtpCisPairs...completed: 419 MTPs found

removeTranslationallyEquivalentMtps
...DONE: 100 translationally distinct MTPs
Finding best TEC

Best TEC: (1.80,0.75) T(P(p(1441,62),p(6241,62),p(10081,64)),V(v(0,0),v(960,2),v(15360,2)))
computeVectorTable...completed
computeMtpCisPairs...completed: 290 MTPs found

removeTranslationallyEquivalentMtps
...DONE: 47 translationally distinct MTPs
Finding best TEC

Best TEC: (1.60,1.00) T(P(p(7681,69),p(8641,69)),V(v(0,0),v(5280,-5),v(7200,-2),v(20640,-5)))
computeVectorTable...completed
computeMtpCisPairs...completed: 156 MTPs found

removeTranslationallyEquivalentMtps
...DONE: 20 translationally distinct MTPs
Finding best TEC

Best TEC: (1.50,1.00) T(P(p(5761,62),p(13441,64)),V(v(0,0),v(3840,-2),v(7680,2),v(12960,0),v(13920,-2)))
computeVectorTable...completed
computeMtpCisPairs...completed: 55 MTPs found

removeTranslationallyEquivalentMtps
...DONE: 1 translationally distinct MTPs
Finding best TEC

Best TEC: (1.00,0.31) T(P(p(961,55),p(971,59),p(4321,60),p(8161,67),p(12001,67),p(17761,60),p(22561,62),p(23521,64),p(24961,66),p(25921,64),p(31201,67)),V(v(0,0)))
