vocabulary size: 504
n tunes: 368
n train tunes: 304
n validation tunes: 64
min, max length 64 1050
Building the model
  number of parameters: 6796856
  layer output shapes:               #params:   output shape:
    InputLayer                       0          (64, None)
    EmbeddingLayer                   254016     (64, None, 504)
    InputLayer                       0          (64, None)
    LSTMLayer                        2083840    (64, None, 512)
    DropoutLayer                     0          (64, None, 512)
    LSTMLayer                        2100224    (64, None, 512)
    DropoutLayer                     0          (64, None, 512)
    LSTMLayer                        2100224    (64, None, 512)
    DropoutLayer                     0          (64, None, 512)
    ReshapeLayer                     0          (None, 512)
    DenseLayer                       258552     (None, 504)
Train model
1/400 (epoch 0.250) train_loss=836.57870233 time/batch=174.73s
Traceback (most recent call last):
  File "train_rnn.py", line 202, in <module>
    train_loss = train(x_batch, mask_batch)
  File "/Users/marcopellegrino/opt/anaconda3/envs/py2/lib/python2.7/site-packages/theano/compile/function_module.py", line 903, in __call__
    self.fn() if output_subset is None else\
  File "/Users/marcopellegrino/opt/anaconda3/envs/py2/lib/python2.7/site-packages/theano/scan_module/scan_op.py", line 961, in rval
    def rval(p=p, i=node_input_storage, o=node_output_storage, n=node,
KeyboardInterrupt
