vocabulary size: 1576
n tunes: 539
n train tunes: 475
n validation tunes: 64
min, max length 58 1033
Building the model
  number of parameters: 11772008
  layer output shapes:               #params:   output shape:
    InputLayer                       0          (64, None)
    EmbeddingLayer                   2483776    (64, None, 1576)
    InputLayer                       0          (64, None)
    LSTMLayer                        4279296    (64, None, 512)
    DropoutLayer                     0          (64, None, 512)
    LSTMLayer                        2100224    (64, None, 512)
    DropoutLayer                     0          (64, None, 512)
    LSTMLayer                        2100224    (64, None, 512)
    DropoutLayer                     0          (64, None, 512)
    ReshapeLayer                     0          (None, 512)
    DenseLayer                       808488     (None, 1576)
Train model
1/700 (epoch 0.143) train_loss=895.95541864 time/batch=54.28s
Traceback (most recent call last):
  File "train_rnn.py", line 202, in <module>
    train_loss = train(x_batch, mask_batch)
  File "/Users/marcopellegrino/opt/anaconda3/envs/py2/lib/python2.7/site-packages/theano/compile/function_module.py", line 903, in __call__
    self.fn() if output_subset is None else\
  File "/Users/marcopellegrino/opt/anaconda3/envs/py2/lib/python2.7/site-packages/theano/scan_module/scan_op.py", line 963, in rval
    r = p(n, [x[0] for x in i], o)
  File "/Users/marcopellegrino/opt/anaconda3/envs/py2/lib/python2.7/site-packages/theano/scan_module/scan_op.py", line 952, in p
    self, node)
  File "scan_perform.pyx", line 397, in theano.scan_module.scan_perform.perform
  File "/Users/marcopellegrino/opt/anaconda3/envs/py2/lib/python2.7/site-packages/theano/gof/op.py", line 891, in rval
    def rval(p=p, i=node_input_storage, o=node_output_storage, n=node):
KeyboardInterrupt
