vocabulary size: 371
n tunes: 214
n train tunes: 150
n validation tunes: 64
min, max length 60 7810
Building the model
  number of parameters: 6339868
  layer output shapes:               #params:   output shape:
    InputLayer                       0          (64, None)
    EmbeddingLayer                   137641     (64, None, 371)
    InputLayer                       0          (64, None)
    LSTMLayer                        1811456    (64, None, 512)
    DropoutLayer                     0          (64, None, 512)
    LSTMLayer                        2100224    (64, None, 512)
    DropoutLayer                     0          (64, None, 512)
    LSTMLayer                        2100224    (64, None, 512)
    DropoutLayer                     0          (64, None, 512)
    ReshapeLayer                     0          (None, 512)
    DenseLayer                       190323     (None, 371)
Train model
Traceback (most recent call last):
  File "train_rnn.py", line 202, in <module>
    train_loss = train(x_batch, mask_batch)
  File "/Users/marcopellegrino/opt/anaconda3/envs/py2/lib/python2.7/site-packages/theano/compile/function_module.py", line 903, in __call__
    self.fn() if output_subset is None else\
  File "/Users/marcopellegrino/opt/anaconda3/envs/py2/lib/python2.7/site-packages/theano/scan_module/scan_op.py", line 963, in rval
    r = p(n, [x[0] for x in i], o)
  File "/Users/marcopellegrino/opt/anaconda3/envs/py2/lib/python2.7/site-packages/theano/scan_module/scan_op.py", line 952, in p
    self, node)
  File "scan_perform.pyx", line 592, in theano.scan_module.scan_perform.perform
  File "/Users/marcopellegrino/opt/anaconda3/envs/py2/lib/python2.7/site-packages/theano/tensor/type.py", line 552, in value_zeros
    def value_zeros(self, shape):
KeyboardInterrupt
