vocabulary size: 310
n tunes: 149
n train tunes: 85
n validation tunes: 64
min, max length 60 2266
Building the model
  number of parameters: 6142106
  layer output shapes:               #params:   output shape:
    InputLayer                       0          (64, None)
    EmbeddingLayer                   96100      (64, None, 310)
    InputLayer                       0          (64, None)
    LSTMLayer                        1686528    (64, None, 512)
    DropoutLayer                     0          (64, None, 512)
    LSTMLayer                        2100224    (64, None, 512)
    DropoutLayer                     0          (64, None, 512)
    LSTMLayer                        2100224    (64, None, 512)
    DropoutLayer                     0          (64, None, 512)
    ReshapeLayer                     0          (None, 512)
    DenseLayer                       159030     (None, 310)
Train model
1/100 (epoch 1.000) train_loss=1250.00315403 time/batch=405.04s
2/100 (epoch 2.000) train_loss=1397.27041474 time/batch=514.09s
3/100 (epoch 3.000) train_loss=1207.20664552 time/batch=388.00s
4/100 (epoch 4.000) train_loss=837.00053074 time/batch=393.07s
5/100 (epoch 5.000) train_loss=661.83884678 time/batch=390.67s
6/100 (epoch 6.000) train_loss=743.89095312 time/batch=475.85s
7/100 (epoch 7.000) train_loss=937.84141338 time/batch=529.08s
Traceback (most recent call last):
  File "train_rnn.py", line 202, in <module>
    train_loss = train(x_batch, mask_batch)
  File "/Users/marcopellegrino/opt/anaconda3/envs/py2/lib/python2.7/site-packages/theano/compile/function_module.py", line 903, in __call__
    self.fn() if output_subset is None else\
  File "/Users/marcopellegrino/opt/anaconda3/envs/py2/lib/python2.7/site-packages/theano/scan_module/scan_op.py", line 963, in rval
    r = p(n, [x[0] for x in i], o)
  File "/Users/marcopellegrino/opt/anaconda3/envs/py2/lib/python2.7/site-packages/theano/scan_module/scan_op.py", line 952, in p
    self, node)
KeyboardInterrupt
