computeVectorTable...completed
computeMtpCisPairs...completed: 655 MTPs found

removeTranslationallyEquivalentMtps
...DONE: 180 translationally distinct MTPs
Finding best TEC

Best TEC: (1.80,0.38) T(P(p(1921,51),p(14401,48),p(19201,51)),V(v(0,0),v(10080,7),v(12960,2)))
computeVectorTable...completed
computeMtpCisPairs...completed: 506 MTPs found

removeTranslationallyEquivalentMtps
...DONE: 94 translationally distinct MTPs
Finding best TEC

Best TEC: (1.60,1.00) T(P(p(1441,53),p(3361,51)),V(v(0,0),v(3840,0),v(21600,0),v(25440,-3)))
computeVectorTable...completed
computeMtpCisPairs...completed: 358 MTPs found

removeTranslationallyEquivalentMtps
...DONE: 35 translationally distinct MTPs
Finding best TEC

Best TEC: (1.50,1.00) T(P(p(2881,50),p(4321,50)),V(v(0,0),v(3840,1),v(13440,-2)))
computeVectorTable...completed
computeMtpCisPairs...completed: 233 MTPs found

removeTranslationallyEquivalentMtps
...DONE: 19 translationally distinct MTPs
Finding best TEC

Best TEC: (1.33,1.00) T(P(p(25921,55),p(26401,48)),V(v(0,0),v(4320,0)))
computeVectorTable...completed
computeMtpCisPairs...completed: 159 MTPs found

removeTranslationallyEquivalentMtps
...DONE: 11 translationally distinct MTPs
Finding best TEC

Best TEC: (1.33,1.00) T(P(p(11041,51),p(12961,53)),V(v(0,0),v(7680,2)))
computeVectorTable...completed
computeMtpCisPairs...completed: 103 MTPs found

removeTranslationallyEquivalentMtps
...DONE: 3 translationally distinct MTPs
Finding best TEC

Best TEC: (1.33,1.00) T(P(p(1,56),p(5761,58)),V(v(0,0),v(22080,0)))
computeVectorTable...completed
computeMtpCisPairs...completed: 55 MTPs found

removeTranslationallyEquivalentMtps
...DONE: 1 translationally distinct MTPs
Finding best TEC

Best TEC: (1.00,0.25) T(P(p(241,56),p(481,55),p(4801,50),p(7681,55),p(9121,58),p(10081,48),p(13441,50),p(17281,56),p(21601,60),p(23521,55),p(31681,48)),V(v(0,0)))
