computeVectorTable...completed
computeMtpCisPairs...completed: 1716 MTPs found

removeTranslationallyEquivalentMtps
...DONE: 779 translationally distinct MTPs
Finding best TEC

Best TEC: (2.14,1.00) T(P(p(4081,62),p(4561,62),p(5041,62)),V(v(0,0),v(2880,0),v(17280,5),v(25920,3),v(26160,3)))
computeVectorTable...completed
computeMtpCisPairs...completed: 1495 MTPs found

removeTranslationallyEquivalentMtps
...DONE: 585 translationally distinct MTPs
Finding best TEC

Best TEC: (2.00,1.00) T(P(p(11041,69),p(11281,69),p(12241,69),p(12481,67)),V(v(0,0),v(4320,-5),v(14640,-5)))
computeVectorTable...completed
computeMtpCisPairs...completed: 1315 MTPs found

removeTranslationallyEquivalentMtps
...DONE: 403 translationally distinct MTPs
Finding best TEC

Best TEC: (2.00,0.60) T(P(p(1921,65),p(8641,65),p(15841,65)),V(v(0,0),v(4560,-1),v(4800,-1),v(16320,-1)))
computeVectorTable...completed
computeMtpCisPairs...completed: 1049 MTPs found

removeTranslationallyEquivalentMtps
...DONE: 241 translationally distinct MTPs
Finding best TEC

Best TEC: (1.80,0.75) T(P(p(10561,67),p(12001,67),p(12721,67)),V(v(0,0),v(7200,-7),v(10560,-2)))
computeVectorTable...completed
computeMtpCisPairs...completed: 816 MTPs found

removeTranslationallyEquivalentMtps
...DONE: 163 translationally distinct MTPs
Finding best TEC

Best TEC: (1.67,0.67) T(P(p(3841,64),p(8401,64)),V(v(0,0),v(5280,-2),v(6000,-2),v(15120,0),v(20640,3)))
computeVectorTable...completed
computeMtpCisPairs...completed: 571 MTPs found

removeTranslationallyEquivalentMtps
...DONE: 72 translationally distinct MTPs
Finding best TEC

Best TEC: (1.50,1.00) T(P(p(1,67),p(241,69)),V(v(0,0),v(17040,-7),v(28080,0),v(28320,2),v(31440,-5)))
computeVectorTable...completed
computeMtpCisPairs...completed: 354 MTPs found

removeTranslationallyEquivalentMtps
...DONE: 25 translationally distinct MTPs
Finding best TEC

Best TEC: (1.33,1.00) T(P(p(17521,62),p(18001,64)),V(v(0,0),v(6720,5)))
computeVectorTable...completed
computeMtpCisPairs...completed: 262 MTPs found

removeTranslationallyEquivalentMtps
...DONE: 15 translationally distinct MTPs
Finding best TEC

Best TEC: (1.33,0.67) T(P(p(2641,64),p(6001,65)),V(v(0,0),v(16800,0)))
computeVectorTable...completed
computeMtpCisPairs...completed: 186 MTPs found

removeTranslationallyEquivalentMtps
...DONE: 5 translationally distinct MTPs
Finding best TEC

Best TEC: (1.33,0.50) T(P(p(3361,67),p(10801,69)),V(v(0,0),v(4440,-5)))
computeVectorTable...completed
computeMtpCisPairs...completed: 119 MTPs found

removeTranslationallyEquivalentMtps
...DONE: 2 translationally distinct MTPs
Finding best TEC

Best TEC: (1.00,1.00) T(P(p(1201,71),p(1441,69)),V(v(0,0),v(240,-2)))
computeVectorTable...completed
computeMtpCisPairs...completed: 78 MTPs found

removeTranslationallyEquivalentMtps
...DONE: 1 translationally distinct MTPs
Finding best TEC

Best TEC: (1.00,0.14) T(P(p(961,72),p(2401,64),p(4801,60),p(5761,62),p(8881,67),p(10321,65),p(19681,60),p(22081,67),p(26641,64),p(27001,62),p(28801,69),p(29761,67),p(32641,62)),V(v(0,0)))
