computeVectorTable...completed
computeMtpCisPairs...completed: 1094 MTPs found

removeTranslationallyEquivalentMtps
...DONE: 260 translationally distinct MTPs
Finding best TEC

Best TEC: (1.80,1.00) T(P(p(13201,55),p(14161,53),p(15121,55)),V(v(0,0),v(3360,-3),v(4800,-1)))
computeVectorTable...completed
computeMtpCisPairs...completed: 864 MTPs found

removeTranslationallyEquivalentMtps
...DONE: 159 translationally distinct MTPs
Finding best TEC

Best TEC: (1.80,1.00) T(P(p(5761,57),p(6241,57),p(19441,57)),V(v(0,0),v(17040,-2),v(18480,-7)))
computeVectorTable...completed
computeMtpCisPairs...completed: 662 MTPs found

removeTranslationallyEquivalentMtps
...DONE: 76 translationally distinct MTPs
Finding best TEC

Best TEC: (1.60,1.00) T(P(p(9601,48),p(10561,50)),V(v(0,0),v(4080,0),v(24240,9),v(27840,0)))
computeVectorTable...completed
computeMtpCisPairs...completed: 451 MTPs found

removeTranslationallyEquivalentMtps
...DONE: 35 translationally distinct MTPs
Finding best TEC

Best TEC: (1.50,0.67) T(P(p(6721,57),p(11521,55)),V(v(0,0),v(14640,-7),v(25200,-2)))
computeVectorTable...completed
computeMtpCisPairs...completed: 311 MTPs found

removeTranslationallyEquivalentMtps
...DONE: 15 translationally distinct MTPs
Finding best TEC

Best TEC: (1.33,1.00) T(P(p(4801,57),p(5281,57)),V(v(0,0),v(10800,2)))
computeVectorTable...completed
computeMtpCisPairs...completed: 225 MTPs found

removeTranslationallyEquivalentMtps
...DONE: 7 translationally distinct MTPs
Finding best TEC

Best TEC: (1.33,1.00) T(P(p(25681,62),p(28081,53)),V(v(0,0),v(11280,-3)))
computeVectorTable...completed
computeMtpCisPairs...completed: 151 MTPs found

removeTranslationallyEquivalentMtps
...DONE: 3 translationally distinct MTPs
Finding best TEC

Best TEC: (1.33,0.50) T(P(p(7201,59),p(16321,57)),V(v(0,0),v(14640,-2)))
computeVectorTable...completed
computeMtpCisPairs...completed: 91 MTPs found

removeTranslationallyEquivalentMtps
...DONE: 1 translationally distinct MTPs
Finding best TEC

Best TEC: (1.00,0.27) T(P(p(4321,53),p(7681,56),p(9121,56),p(10081,57),p(11041,48),p(12961,57),p(16801,48),p(17041,53),p(20401,54),p(20881,48),p(23761,50),p(25201,48),p(25691,71),p(36241,57)),V(v(0,0)))
