computeVectorTable...completed
computeMtpCisPairs...completed: 1107 MTPs found

removeTranslationallyEquivalentMtps
...DONE: 258 translationally distinct MTPs
Finding best TEC

Best TEC: (2.00,1.00) T(P(p(1,71),p(1441,71),p(5761,71)),V(v(0,0),v(4560,-2),v(4800,0),v(9840,3)))
computeVectorTable...completed
computeMtpCisPairs...completed: 847 MTPs found

removeTranslationallyEquivalentMtps
...DONE: 138 translationally distinct MTPs
Finding best TEC

Best TEC: (1.80,1.00) T(P(p(3361,67),p(3841,72),p(4321,71)),V(v(0,0),v(4800,7),v(7680,0)))
computeVectorTable...completed
computeMtpCisPairs...completed: 619 MTPs found

removeTranslationallyEquivalentMtps
...DONE: 74 translationally distinct MTPs
Finding best TEC

Best TEC: (1.71,1.00) T(P(p(1681,72),p(1921,74)),V(v(0,0),v(4800,0),v(6000,4),v(12000,7),v(12480,7),v(16920,-3)))
computeVectorTable...completed
computeMtpCisPairs...completed: 332 MTPs found

removeTranslationallyEquivalentMtps
...DONE: 24 translationally distinct MTPs
Finding best TEC

Best TEC: (1.60,0.57) T(P(p(481,74),p(721,74),p(961,74),p(2161,67)),V(v(0,0),v(17400,0)))
computeVectorTable...completed
computeMtpCisPairs...completed: 181 MTPs found

removeTranslationallyEquivalentMtps
...DONE: 8 translationally distinct MTPs
Finding best TEC

Best TEC: (1.33,1.00) T(P(p(13441,78),p(14881,78)),V(v(0,0),v(4200,-9)))
computeVectorTable...completed
computeMtpCisPairs...completed: 115 MTPs found

removeTranslationallyEquivalentMtps
...DONE: 6 translationally distinct MTPs
Finding best TEC

Best TEC: (1.33,0.67) T(P(p(9601,74),p(10081,72)),V(v(0,0),v(5760,2)))
computeVectorTable...completed
computeMtpCisPairs...completed: 66 MTPs found

removeTranslationallyEquivalentMtps
...DONE: 1 translationally distinct MTPs
Finding best TEC

Best TEC: (1.00,0.29) T(P(p(2401,78),p(2641,74),p(2881,79),p(5281,72),p(8881,78),p(12481,71),p(12961,78),p(13201,79),p(15121,78),p(16321,69),p(16801,71),p(17521,69)),V(v(0,0)))
